# JRE version: OpenJDK Runtime Environment Temurin-25.0.4.1+1 (25.0.4.1+1) (build 25.0.4.1+1-LTS)
# Java VM: OpenJDK 64-Bit Server VM Temurin-25.0.4.1+1 (25.0.4.1+1-LTS, mixed mode, sharing, tiered, compressed oops, compressed class ptrs, g1 gc, windows-amd64)
GC Precious Log:
 CardTable entry size: 512
 Card Set container configuration: InlinePtr #cards 4 size 8 Array Of Cards #cards 16 size 48 Howl #buckets 8 coarsen threshold 3686 Howl Bitmap #cards 512 size 80 coarsen threshold 460 Card regions per heap region 1 cards per card region 4096
 CPUs: 8 total, 8 available
 Memory: 16112M
 Large Page Support: Disabled
 NUMA Support: Disabled
 Compressed Oops: Enabled (Zero based)
 Heap Region Size: 2M
 Heap Min Capacity: 8M
 Heap Initial Capacity: 252M
 Heap Max Capacity: 4030M
 Pre-touch: Disabled
 Parallel Workers: 8
 Concurrent Workers: 2
 Concurrent Refinement Workers: 8
 Periodic GC: Disabled
Heap:
 garbage-first heap   total reserved 4126720K, committed 69632K, used 24713K [0x0000000704200000, 0x0000000800000000)
  region size 2048K, 7 young (14336K), 1 survivors (2048K)
GC Heap Usage History (8 events):
Event: 1.812 {heap Before GC invocations=0 (full 0):
 garbage-first heap   total reserved 4126720K, committed 260096K, used 48267K [0x0000000704200000, 0x0000000800000000)
  region size 2048K, 24 young (49152K), 0 survivors (0K)
}
Event: 1.817 {heap After GC invocations=1 (full 0):
 garbage-first heap   total reserved 4126720K, committed 260096K, used 8197K [0x0000000704200000, 0x0000000800000000)
  region size 2048K, 3 young (6144K), 3 survivors (6144K)
}
Event: 6.819 {heap Before GC invocations=1 (full 0):
 garbage-first heap   total reserved 4126720K, committed 260096K, used 79877K [0x0000000704200000, 0x0000000800000000)
  region size 2048K, 39 young (79872K), 3 survivors (6144K)
}
Event: 6.826 {heap After GC invocations=2 (full 0):
 garbage-first heap   total reserved 4126720K, committed 260096K, used 12520K [0x0000000704200000, 0x0000000800000000)
  region size 2048K, 6 young (12288K), 6 survivors (12288K)
}
Event: 26.702 {heap Before GC invocations=3 (full 0):
 garbage-first heap   total reserved 4126720K, committed 55296K, used 51432K [0x0000000704200000, 0x0000000800000000)
  region size 2048K, 25 young (51200K), 6 survivors (12288K)
}
Event: 26.721 {heap After GC invocations=4 (full 0):
 garbage-first heap   total reserved 4126720K, committed 69632K, used 14273K [0x0000000704200000, 0x0000000800000000)
  region size 2048K, 3 young (6144K), 3 survivors (6144K)
}
Event: 96.708 {heap Before GC invocations=4 (full 0):
 garbage-first heap   total reserved 4126720K, committed 69632K, used 42945K [0x0000000704200000, 0x0000000800000000)
  region size 2048K, 18 young (36864K), 3 survivors (6144K)
}
Event: 96.721 {heap After GC invocations=5 (full 0):
 garbage-first heap   total reserved 4126720K, committed 69632K, used 14473K [0x0000000704200000, 0x0000000800000000)
  region size 2048K, 1 young (2048K), 1 survivors (2048K)
}

